{
  "RSpec": {
    "coverage": {
      "/Users/tyladevon/turing/mod_3/final/sweater_weather_api/config/environment.rb": [
        null,
        1,
        null,
        null,
        1
      ],
      "/Users/tyladevon/turing/mod_3/final/sweater_weather_api/config/application.rb": [
        1,
        null,
        1,
        null,
        1,
        1,
        1,
        1,
        1,
        1,
        1,
        1,
        null,
        null,
        null,
        null,
        null,
        1,
        null,
        1,
        1,
        null,
        1,
        null,
        null,
        null,
        null,
        null,
        null,
        null,
        null,
        null,
        1,
        null,
        null
      ],
      "/Users/tyladevon/turing/mod_3/final/sweater_weather_api/config/boot.rb": [
        1,
        null,
        1,
        1
      ],
      "/Users/tyladevon/turing/mod_3/final/sweater_weather_api/config/environments/test.rb": [
        1,
        null,
        null,
        null,
        null,
        null,
        null,
        1,
        null,
        null,
        null,
        null,
        1,
        null,
        null,
        1,
        1,
        null,
        null,
        null,
        null,
        1,
        1,
        null,
        null,
        1,
        null,
        null,
        1,
        null,
        null,
        1,
        null,
        1,
        null,
        null,
        null,
        null,
        1,
        null,
        null,
        1,
        null,
        null,
        null,
        null
      ],
      "/Users/tyladevon/turing/mod_3/final/sweater_weather_api/config/initializers/application_controller_renderer.rb": [
        null,
        null,
        null,
        null,
        null,
        null,
        null,
        null
      ],
      "/Users/tyladevon/turing/mod_3/final/sweater_weather_api/config/initializers/backtrace_silencers.rb": [
        null,
        null,
        null,
        null,
        null,
        null,
        null
      ],
      "/Users/tyladevon/turing/mod_3/final/sweater_weather_api/config/initializers/cors.rb": [
        null,
        null,
        null,
        null,
        null,
        null,
        null,
        null,
        null,
        null,
        null,
        null,
        null,
        null,
        null,
        null
      ],
      "/Users/tyladevon/turing/mod_3/final/sweater_weather_api/config/initializers/filter_parameter_logging.rb": [
        null,
        null,
        null,
        1
      ],
      "/Users/tyladevon/turing/mod_3/final/sweater_weather_api/config/initializers/inflections.rb": [
        null,
        null,
        null,
        null,
        null,
        null,
        null,
        null,
        null,
        null,
        null,
        null,
        null,
        null,
        null,
        null
      ],
      "/Users/tyladevon/turing/mod_3/final/sweater_weather_api/config/initializers/mime_types.rb": [
        null,
        null,
        null,
        null
      ],
      "/Users/tyladevon/turing/mod_3/final/sweater_weather_api/config/initializers/wrap_parameters.rb": [
        null,
        null,
        null,
        null,
        null,
        null,
        1,
        2,
        null,
        null,
        null,
        null,
        null,
        null
      ],
      "/Users/tyladevon/turing/mod_3/final/sweater_weather_api/config/routes.rb": [
        1,
        null,
        null,
        1,
        1,
        1,
        1,
        1,
        null,
        null,
        null
      ],
      "/Users/tyladevon/turing/mod_3/final/sweater_weather_api/app/controllers/api/v1/forecast_controller.rb": [
        1,
        1,
        1,
        1,
        null,
        null
      ],
      "/Users/tyladevon/turing/mod_3/final/sweater_weather_api/app/controllers/application_controller.rb": [
        1,
        null
      ],
      "/Users/tyladevon/turing/mod_3/final/sweater_weather_api/app/facades/forecast_facade.rb": [
        1,
        1,
        null,
        1,
        1,
        1,
        null,
        null,
        1,
        1,
        1,
        1,
        null,
        1,
        null,
        null,
        null,
        null,
        null,
        null,
        null,
        1,
        null,
        0,
        null,
        null,
        null,
        null,
        null,
        null,
        null,
        null,
        0,
        0,
        0,
        null,
        null,
        0,
        null,
        null,
        null
      ],
      "/Users/tyladevon/turing/mod_3/final/sweater_weather_api/app/serializers/forecast_serializer.rb": [
        1,
        1,
        null,
        1,
        null,
        null
      ],
      "/Users/tyladevon/turing/mod_3/final/sweater_weather_api/app/services/google_geocode_service.rb": [
        1,
        null,
        1,
        1,
        1,
        1,
        null,
        null,
        1,
        null,
        null
      ],
      "/Users/tyladevon/turing/mod_3/final/sweater_weather_api/app/models/location.rb": [
        1,
        1,
        null,
        null,
        null,
        null,
        1,
        1,
        1,
        1,
        1,
        null,
        null
      ],
      "/Users/tyladevon/turing/mod_3/final/sweater_weather_api/app/services/darksky_service.rb": [
        1,
        null,
        1,
        1,
        null,
        1,
        null,
        null
      ]
    },
    "timestamp": 1579122404
  }
}
